DEBUG:root:[]
INFO:werkzeug:192.168.43.7 - - [11/Dec/2022 16:18:03] "GET /user/%20or%201=1 HTTP/1.1" 200 -
INFO:werkzeug:192.168.43.7 - - [11/Dec/2022 16:18:08] "[33mGET /user/ HTTP/1.1[0m" 404 -
DEBUG:root:[('test', 'test'), ('test', '12345'), ('test', '$x&3de)GwWEIjyhpsA')]
INFO:werkzeug:192.168.43.7 - - [11/Dec/2022 16:18:13] "GET /user/test HTTP/1.1" 200 -
ERROR:vulnerable-flask-app:Exception on /user/' [GET]
Traceback (most recent call last):
  File "E:\Learning\Devops\VAPT\web\flask\vulnerable-flask-app\venv\Lib\site-packages\flask\app.py", line 2525, in wsgi_app
    response = self.full_dispatch_request()
               ^^^^^^^^^^^^^^^^^^^^^^^^^^^^
  File "E:\Learning\Devops\VAPT\web\flask\vulnerable-flask-app\venv\Lib\site-packages\flask\app.py", line 1822, in full_dispatch_request
    rv = self.handle_user_exception(e)
         ^^^^^^^^^^^^^^^^^^^^^^^^^^^^^
  File "E:\Learning\Devops\VAPT\web\flask\vulnerable-flask-app\venv\Lib\site-packages\flask\app.py", line 1820, in full_dispatch_request
    rv = self.dispatch_request()
         ^^^^^^^^^^^^^^^^^^^^^^^
  File "E:\Learning\Devops\VAPT\web\flask\vulnerable-flask-app\venv\Lib\site-packages\flask\app.py", line 1796, in dispatch_request
    return self.ensure_sync(self.view_functions[rule.endpoint])(**view_args)
           ^^^^^^^^^^^^^^^^^^^^^^^^^^^^^^^^^^^^^^^^^^^^^^^^^^^^^^^^^^^^^^^^^
  File "E:\Learning\Devops\VAPT\web\flask\vulnerable-flask-app\vulnerable-flask-app.py", line 25, in search_user
    cur.execute("select * from test where username = '%s'" % name)
sqlite3.OperationalError: unrecognized token: "'''"
INFO:werkzeug:192.168.43.7 - - [11/Dec/2022 16:18:20] "[35m[1mGET /user/' HTTP/1.1[0m" 500 -
ERROR:vulnerable-flask-app:Exception on /user/' or 1=1 " [GET]
Traceback (most recent call last):
  File "E:\Learning\Devops\VAPT\web\flask\vulnerable-flask-app\venv\Lib\site-packages\flask\app.py", line 2525, in wsgi_app
    response = self.full_dispatch_request()
               ^^^^^^^^^^^^^^^^^^^^^^^^^^^^
  File "E:\Learning\Devops\VAPT\web\flask\vulnerable-flask-app\venv\Lib\site-packages\flask\app.py", line 1822, in full_dispatch_request
    rv = self.handle_user_exception(e)
         ^^^^^^^^^^^^^^^^^^^^^^^^^^^^^
  File "E:\Learning\Devops\VAPT\web\flask\vulnerable-flask-app\venv\Lib\site-packages\flask\app.py", line 1820, in full_dispatch_request
    rv = self.dispatch_request()
         ^^^^^^^^^^^^^^^^^^^^^^^
  File "E:\Learning\Devops\VAPT\web\flask\vulnerable-flask-app\venv\Lib\site-packages\flask\app.py", line 1796, in dispatch_request
    return self.ensure_sync(self.view_functions[rule.endpoint])(**view_args)
           ^^^^^^^^^^^^^^^^^^^^^^^^^^^^^^^^^^^^^^^^^^^^^^^^^^^^^^^^^^^^^^^^^
  File "E:\Learning\Devops\VAPT\web\flask\vulnerable-flask-app\vulnerable-flask-app.py", line 25, in search_user
    cur.execute("select * from test where username = '%s'" % name)
sqlite3.OperationalError: unrecognized token: ""'"
INFO:werkzeug:192.168.43.7 - - [11/Dec/2022 16:20:34] "[35m[1mGET /user/'%20or%201=1%20%22 HTTP/1.1[0m" 500 -
DEBUG:root:[('test', 'test'), ('erlik', '$x&3de)GwWEIjyhpsA'), ('erlik', '12345'), ('erlik', 'f2Vbhj38qrS4018JDSKa'), ('test', '12345'), ('test', '$x&3de)GwWEIjyhpsA'), ('erlik', '66f2816ac6A!')]
INFO:werkzeug:192.168.43.7 - - [11/Dec/2022 16:20:50] "GET /user/'%20or%20'1=1 HTTP/1.1" 200 -
DEBUG:root:[('test', 'test'), ('erlik', '$x&3de)GwWEIjyhpsA'), ('erlik', '12345'), ('erlik', 'f2Vbhj38qrS4018JDSKa'), ('test', '12345'), ('test', '$x&3de)GwWEIjyhpsA'), ('erlik', '66f2816ac6A!')]
INFO:werkzeug:192.168.43.7 - - [11/Dec/2022 16:39:37] "GET /user/'%20or%20'1=1 HTTP/1.1" 200 -
DEBUG:root:[('test', 'test'), ('test', '12345'), ('test', '$x&3de)GwWEIjyhpsA')]
INFO:werkzeug:192.168.43.7 - - [11/Dec/2022 16:39:47] "GET /user/test HTTP/1.1" 200 -
ERROR:vulnerable-flask-app:Exception on /hello [GET]
Traceback (most recent call last):
  File "E:\Learning\Devops\VAPT\web\flask\vulnerable-flask-app\venv\Lib\site-packages\flask\app.py", line 2525, in wsgi_app
    response = self.full_dispatch_request()
               ^^^^^^^^^^^^^^^^^^^^^^^^^^^^
  File "E:\Learning\Devops\VAPT\web\flask\vulnerable-flask-app\venv\Lib\site-packages\flask\app.py", line 1823, in full_dispatch_request
    return self.finalize_request(rv)
           ^^^^^^^^^^^^^^^^^^^^^^^^^
  File "E:\Learning\Devops\VAPT\web\flask\vulnerable-flask-app\venv\Lib\site-packages\flask\app.py", line 1842, in finalize_request
    response = self.make_response(rv)
               ^^^^^^^^^^^^^^^^^^^^^^
  File "E:\Learning\Devops\VAPT\web\flask\vulnerable-flask-app\venv\Lib\site-packages\flask\app.py", line 2134, in make_response
    raise TypeError(
TypeError: The view function for 'hello_ssti' did not return a valid response. The function either returned None or ended without a return statement.
INFO:werkzeug:192.168.43.7 - - [11/Dec/2022 16:43:40] "[35m[1mGET /hello HTTP/1.1[0m" 500 -
DEBUG:root:<div>
        <h1>Hello</h1>
        saksham,
</div>

INFO:werkzeug:192.168.43.7 - - [11/Dec/2022 16:43:51] "GET /hello?name=saksham, HTTP/1.1" 200 -
DEBUG:root:<div>
        <h1>Hello</h1>
        <script>alert(1)</script>
</div>

INFO:werkzeug:192.168.43.7 - - [11/Dec/2022 16:44:34] "GET /hello?name=%3Cscript%3Ealert(1)%3C/script%3E HTTP/1.1" 200 -
INFO:werkzeug:192.168.43.7 - - [11/Dec/2022 17:01:56] "GET /get_users?hostname=google.com HTTP/1.1" 200 -
INFO:werkzeug:192.168.43.7 - - [11/Dec/2022 17:02:15] "GET /get_users?hostname=google.com:id HTTP/1.1" 200 -
INFO:werkzeug:192.168.43.7 - - [11/Dec/2022 17:02:41] "GET /get_users?hostname=google.com;id HTTP/1.1" 200 -
INFO:werkzeug:192.168.43.7 - - [11/Dec/2022 17:02:52] "GET /get_users?hostname=test HTTP/1.1" 200 -
INFO:werkzeug:192.168.43.7 - - [11/Dec/2022 17:02:57] "GET /get_users?hostname=google HTTP/1.1" 200 -
INFO:werkzeug:192.168.43.7 - - [11/Dec/2022 17:03:13] "GET /get_users?hostname=google.com:id HTTP/1.1" 200 -
INFO:werkzeug:192.168.43.7 - - [11/Dec/2022 17:05:56] "[32mGET /get_log HTTP/1.1[0m" 308 -
INFO:werkzeug:192.168.43.7 - - [11/Dec/2022 17:05:56] "GET /get_log/ HTTP/1.1" 200 -
INFO:werkzeug:192.168.43.7 - - [11/Dec/2022 17:42:53] "GET /upload HTTP/1.1" 200 -
ERROR:vulnerable-flask-app:Exception on /upload [POST]
Traceback (most recent call last):
  File "E:\Learning\Devops\VAPT\web\flask\vulnerable-flask-app\venv\Lib\site-packages\flask\app.py", line 2525, in wsgi_app
    response = self.full_dispatch_request()
               ^^^^^^^^^^^^^^^^^^^^^^^^^^^^
  File "E:\Learning\Devops\VAPT\web\flask\vulnerable-flask-app\venv\Lib\site-packages\flask\app.py", line 1822, in full_dispatch_request
    rv = self.handle_user_exception(e)
         ^^^^^^^^^^^^^^^^^^^^^^^^^^^^^
  File "E:\Learning\Devops\VAPT\web\flask\vulnerable-flask-app\venv\Lib\site-packages\flask\app.py", line 1820, in full_dispatch_request
    rv = self.dispatch_request()
         ^^^^^^^^^^^^^^^^^^^^^^^
  File "E:\Learning\Devops\VAPT\web\flask\vulnerable-flask-app\venv\Lib\site-packages\flask\app.py", line 1796, in dispatch_request
    return self.ensure_sync(self.view_functions[rule.endpoint])(**view_args)
           ^^^^^^^^^^^^^^^^^^^^^^^^^^^^^^^^^^^^^^^^^^^^^^^^^^^^^^^^^^^^^^^^^
  File "E:\Learning\Devops\VAPT\web\flask\vulnerable-flask-app\vulnerable-flask-app.py", line 214, in uploadfile
    f.save(os.path.join(app.config['UPLOAD_FOLDER'], filename))
  File "E:\Learning\Devops\VAPT\web\flask\vulnerable-flask-app\venv\Lib\site-packages\werkzeug\datastructures.py", line 3002, in save
    dst = open(dst, "wb")
          ^^^^^^^^^^^^^^^
FileNotFoundError: [Errno 2] No such file or directory: '/home/kali/Desktop/upload\\starting_point_Doshiji.ovpn'
INFO:werkzeug:192.168.43.7 - - [11/Dec/2022 17:43:04] "[35m[1mPOST /upload HTTP/1.1[0m" 500 -
INFO:werkzeug:192.168.43.7 - - [11/Dec/2022 17:53:18] "[33mGET /user_pass_controller HTTP/1.1[0m" 404 -
ERROR:vulnerable-flask-app:Exception on /user_pass_control [GET]
Traceback (most recent call last):
  File "E:\Learning\Devops\VAPT\web\flask\vulnerable-flask-app\venv\Lib\site-packages\flask\app.py", line 2525, in wsgi_app
    response = self.full_dispatch_request()
               ^^^^^^^^^^^^^^^^^^^^^^^^^^^^
  File "E:\Learning\Devops\VAPT\web\flask\vulnerable-flask-app\venv\Lib\site-packages\flask\app.py", line 1822, in full_dispatch_request
    rv = self.handle_user_exception(e)
         ^^^^^^^^^^^^^^^^^^^^^^^^^^^^^
  File "E:\Learning\Devops\VAPT\web\flask\vulnerable-flask-app\venv\Lib\site-packages\flask\app.py", line 1820, in full_dispatch_request
    rv = self.dispatch_request()
         ^^^^^^^^^^^^^^^^^^^^^^^
  File "E:\Learning\Devops\VAPT\web\flask\vulnerable-flask-app\venv\Lib\site-packages\flask\app.py", line 1796, in dispatch_request
    return self.ensure_sync(self.view_functions[rule.endpoint])(**view_args)
           ^^^^^^^^^^^^^^^^^^^^^^^^^^^^^^^^^^^^^^^^^^^^^^^^^^^^^^^^^^^^^^^^^
  File "E:\Learning\Devops\VAPT\web\flask\vulnerable-flask-app\vulnerable-flask-app.py", line 200, in user_pass_control
    if re.search(username,password):
       ^^^^^^^^^^^^^^^^^^^^^^^^^^^^
  File "E:\Python\Lib\re\__init__.py", line 176, in search
    return _compile(pattern, flags).search(string)
           ^^^^^^^^^^^^^^^^^^^^^^^^
  File "E:\Python\Lib\re\__init__.py", line 286, in _compile
    raise TypeError("first argument must be string or compiled pattern")
TypeError: first argument must be string or compiled pattern
INFO:werkzeug:192.168.43.7 - - [11/Dec/2022 17:53:28] "[35m[1mGET /user_pass_control HTTP/1.1[0m" 500 -
ERROR:vulnerable-flask-app:Exception on /user_pass_control [GET]
Traceback (most recent call last):
  File "E:\Learning\Devops\VAPT\web\flask\vulnerable-flask-app\venv\Lib\site-packages\flask\app.py", line 2525, in wsgi_app
    response = self.full_dispatch_request()
               ^^^^^^^^^^^^^^^^^^^^^^^^^^^^
  File "E:\Learning\Devops\VAPT\web\flask\vulnerable-flask-app\venv\Lib\site-packages\flask\app.py", line 1822, in full_dispatch_request
    rv = self.handle_user_exception(e)
         ^^^^^^^^^^^^^^^^^^^^^^^^^^^^^
  File "E:\Learning\Devops\VAPT\web\flask\vulnerable-flask-app\venv\Lib\site-packages\flask\app.py", line 1820, in full_dispatch_request
    rv = self.dispatch_request()
         ^^^^^^^^^^^^^^^^^^^^^^^
  File "E:\Learning\Devops\VAPT\web\flask\vulnerable-flask-app\venv\Lib\site-packages\flask\app.py", line 1796, in dispatch_request
    return self.ensure_sync(self.view_functions[rule.endpoint])(**view_args)
           ^^^^^^^^^^^^^^^^^^^^^^^^^^^^^^^^^^^^^^^^^^^^^^^^^^^^^^^^^^^^^^^^^
  File "E:\Learning\Devops\VAPT\web\flask\vulnerable-flask-app\vulnerable-flask-app.py", line 200, in user_pass_control
    if re.search(username,password):
       ^^^^^^^^^^^^^^^^^^^^^^^^^^^^
  File "E:\Python\Lib\re\__init__.py", line 176, in search
    return _compile(pattern, flags).search(string)
           ^^^^^^^^^^^^^^^^^^^^^^^^
  File "E:\Python\Lib\re\__init__.py", line 286, in _compile
    raise TypeError("first argument must be string or compiled pattern")
TypeError: first argument must be string or compiled pattern
INFO:werkzeug:192.168.43.7 - - [11/Dec/2022 17:54:13] "[35m[1mGET /user_pass_control?username=1+password=2 HTTP/1.1[0m" 500 -
ERROR:vulnerable-flask-app:Exception on /user_pass_control [GET]
Traceback (most recent call last):
  File "E:\Learning\Devops\VAPT\web\flask\vulnerable-flask-app\venv\Lib\site-packages\flask\app.py", line 2525, in wsgi_app
    response = self.full_dispatch_request()
               ^^^^^^^^^^^^^^^^^^^^^^^^^^^^
  File "E:\Learning\Devops\VAPT\web\flask\vulnerable-flask-app\venv\Lib\site-packages\flask\app.py", line 1822, in full_dispatch_request
    rv = self.handle_user_exception(e)
         ^^^^^^^^^^^^^^^^^^^^^^^^^^^^^
  File "E:\Learning\Devops\VAPT\web\flask\vulnerable-flask-app\venv\Lib\site-packages\flask\app.py", line 1820, in full_dispatch_request
    rv = self.dispatch_request()
         ^^^^^^^^^^^^^^^^^^^^^^^
  File "E:\Learning\Devops\VAPT\web\flask\vulnerable-flask-app\venv\Lib\site-packages\flask\app.py", line 1796, in dispatch_request
    return self.ensure_sync(self.view_functions[rule.endpoint])(**view_args)
           ^^^^^^^^^^^^^^^^^^^^^^^^^^^^^^^^^^^^^^^^^^^^^^^^^^^^^^^^^^^^^^^^^
  File "E:\Learning\Devops\VAPT\web\flask\vulnerable-flask-app\vulnerable-flask-app.py", line 200, in user_pass_control
    if re.search(username,password):
       ^^^^^^^^^^^^^^^^^^^^^^^^^^^^
  File "E:\Python\Lib\re\__init__.py", line 176, in search
    return _compile(pattern, flags).search(string)
           ^^^^^^^^^^^^^^^^^^^^^^^^
  File "E:\Python\Lib\re\__init__.py", line 286, in _compile
    raise TypeError("first argument must be string or compiled pattern")
TypeError: first argument must be string or compiled pattern
INFO:werkzeug:192.168.43.7 - - [11/Dec/2022 17:54:31] "[35m[1mGET /user_pass_control?username=1&password=2 HTTP/1.1[0m" 500 -
INFO:werkzeug:192.168.43.7 - - [11/Dec/2022 17:55:11] "GET / HTTP/1.1" 200 -
ERROR:vulnerable-flask-app:Exception on /user_pass_control [GET]
Traceback (most recent call last):
  File "E:\Learning\Devops\VAPT\web\flask\vulnerable-flask-app\venv\Lib\site-packages\flask\app.py", line 2525, in wsgi_app
    response = self.full_dispatch_request()
               ^^^^^^^^^^^^^^^^^^^^^^^^^^^^
  File "E:\Learning\Devops\VAPT\web\flask\vulnerable-flask-app\venv\Lib\site-packages\flask\app.py", line 1822, in full_dispatch_request
    rv = self.handle_user_exception(e)
         ^^^^^^^^^^^^^^^^^^^^^^^^^^^^^
  File "E:\Learning\Devops\VAPT\web\flask\vulnerable-flask-app\venv\Lib\site-packages\flask\app.py", line 1820, in full_dispatch_request
    rv = self.dispatch_request()
         ^^^^^^^^^^^^^^^^^^^^^^^
  File "E:\Learning\Devops\VAPT\web\flask\vulnerable-flask-app\venv\Lib\site-packages\flask\app.py", line 1796, in dispatch_request
    return self.ensure_sync(self.view_functions[rule.endpoint])(**view_args)
           ^^^^^^^^^^^^^^^^^^^^^^^^^^^^^^^^^^^^^^^^^^^^^^^^^^^^^^^^^^^^^^^^^
  File "E:\Learning\Devops\VAPT\web\flask\vulnerable-flask-app\vulnerable-flask-app.py", line 200, in user_pass_control
    if re.search(username,password):
       ^^^^^^^^^^^^^^^^^^^^^^^^^^^^
  File "E:\Python\Lib\re\__init__.py", line 176, in search
    return _compile(pattern, flags).search(string)
           ^^^^^^^^^^^^^^^^^^^^^^^^
  File "E:\Python\Lib\re\__init__.py", line 286, in _compile
    raise TypeError("first argument must be string or compiled pattern")
TypeError: first argument must be string or compiled pattern
INFO:werkzeug:192.168.43.7 - - [11/Dec/2022 17:55:16] "[35m[1mGET /user_pass_control?username=1&password=2 HTTP/1.1[0m" 500 -
ERROR:vulnerable-flask-app:Exception on /user_pass_control [GET]
Traceback (most recent call last):
  File "E:\Learning\Devops\VAPT\web\flask\vulnerable-flask-app\venv\Lib\site-packages\flask\app.py", line 2525, in wsgi_app
    response = self.full_dispatch_request()
               ^^^^^^^^^^^^^^^^^^^^^^^^^^^^
  File "E:\Learning\Devops\VAPT\web\flask\vulnerable-flask-app\venv\Lib\site-packages\flask\app.py", line 1822, in full_dispatch_request
    rv = self.handle_user_exception(e)
         ^^^^^^^^^^^^^^^^^^^^^^^^^^^^^
  File "E:\Learning\Devops\VAPT\web\flask\vulnerable-flask-app\venv\Lib\site-packages\flask\app.py", line 1820, in full_dispatch_request
    rv = self.dispatch_request()
         ^^^^^^^^^^^^^^^^^^^^^^^
  File "E:\Learning\Devops\VAPT\web\flask\vulnerable-flask-app\venv\Lib\site-packages\flask\app.py", line 1796, in dispatch_request
    return self.ensure_sync(self.view_functions[rule.endpoint])(**view_args)
           ^^^^^^^^^^^^^^^^^^^^^^^^^^^^^^^^^^^^^^^^^^^^^^^^^^^^^^^^^^^^^^^^^
  File "E:\Learning\Devops\VAPT\web\flask\vulnerable-flask-app\vulnerable-flask-app.py", line 200, in user_pass_control
    if re.search(username,password):
       ^^^^^^^^^^^^^^^^^^^^^^^^^^^^
  File "E:\Python\Lib\re\__init__.py", line 176, in search
    return _compile(pattern, flags).search(string)
           ^^^^^^^^^^^^^^^^^^^^^^^^
  File "E:\Python\Lib\re\__init__.py", line 286, in _compile
    raise TypeError("first argument must be string or compiled pattern")
TypeError: first argument must be string or compiled pattern
INFO:werkzeug:192.168.43.7 - - [11/Dec/2022 17:55:49] "[35m[1mGET /user_pass_control?username=1&password=1 HTTP/1.1[0m" 500 -
ERROR:vulnerable-flask-app:Exception on /user_pass_control [GET]
Traceback (most recent call last):
  File "E:\Learning\Devops\VAPT\web\flask\vulnerable-flask-app\venv\Lib\site-packages\flask\app.py", line 2525, in wsgi_app
    response = self.full_dispatch_request()
               ^^^^^^^^^^^^^^^^^^^^^^^^^^^^
  File "E:\Learning\Devops\VAPT\web\flask\vulnerable-flask-app\venv\Lib\site-packages\flask\app.py", line 1822, in full_dispatch_request
    rv = self.handle_user_exception(e)
         ^^^^^^^^^^^^^^^^^^^^^^^^^^^^^
  File "E:\Learning\Devops\VAPT\web\flask\vulnerable-flask-app\venv\Lib\site-packages\flask\app.py", line 1820, in full_dispatch_request
    rv = self.dispatch_request()
         ^^^^^^^^^^^^^^^^^^^^^^^
  File "E:\Learning\Devops\VAPT\web\flask\vulnerable-flask-app\venv\Lib\site-packages\flask\app.py", line 1796, in dispatch_request
    return self.ensure_sync(self.view_functions[rule.endpoint])(**view_args)
           ^^^^^^^^^^^^^^^^^^^^^^^^^^^^^^^^^^^^^^^^^^^^^^^^^^^^^^^^^^^^^^^^^
  File "E:\Learning\Devops\VAPT\web\flask\vulnerable-flask-app\vulnerable-flask-app.py", line 200, in user_pass_control
    data = request.args.get('data')
       ^^^^^^^^^^^^^^^^^^^^^^^^^^^^
  File "E:\Python\Lib\re\__init__.py", line 176, in search
    return _compile(pattern, flags).search(string)
           ^^^^^^^^^^^^^^^^^^^^^^^^
  File "E:\Python\Lib\re\__init__.py", line 286, in _compile
    raise TypeError("first argument must be string or compiled pattern")
TypeError: first argument must be string or compiled pattern
INFO:werkzeug:192.168.43.7 - - [11/Dec/2022 17:56:12] "[35m[1mGET /user_pass_control?username=1&password=1 HTTP/1.1[0m" 500 -
ERROR:vulnerable-flask-app:Exception on /user_pass_control [GET]
Traceback (most recent call last):
  File "E:\Learning\Devops\VAPT\web\flask\vulnerable-flask-app\venv\Lib\site-packages\flask\app.py", line 2525, in wsgi_app
    response = self.full_dispatch_request()
               ^^^^^^^^^^^^^^^^^^^^^^^^^^^^
  File "E:\Learning\Devops\VAPT\web\flask\vulnerable-flask-app\venv\Lib\site-packages\flask\app.py", line 1822, in full_dispatch_request
    rv = self.handle_user_exception(e)
         ^^^^^^^^^^^^^^^^^^^^^^^^^^^^^
  File "E:\Learning\Devops\VAPT\web\flask\vulnerable-flask-app\venv\Lib\site-packages\flask\app.py", line 1820, in full_dispatch_request
    rv = self.dispatch_request()
         ^^^^^^^^^^^^^^^^^^^^^^^
  File "E:\Learning\Devops\VAPT\web\flask\vulnerable-flask-app\venv\Lib\site-packages\flask\app.py", line 1796, in dispatch_request
    return self.ensure_sync(self.view_functions[rule.endpoint])(**view_args)
           ^^^^^^^^^^^^^^^^^^^^^^^^^^^^^^^^^^^^^^^^^^^^^^^^^^^^^^^^^^^^^^^^^
  File "E:\Learning\Devops\VAPT\web\flask\vulnerable-flask-app\vulnerable-flask-app.py", line 200, in user_pass_control
    data = request.args.get('data')
       ^^^^^^^^^^^^^^^^^^^^^^^^^^^^
  File "E:\Python\Lib\re\__init__.py", line 176, in search
    return _compile(pattern, flags).search(string)
           ^^^^^^^^^^^^^^^^^^^^^^^^
  File "E:\Python\Lib\re\__init__.py", line 286, in _compile
    raise TypeError("first argument must be string or compiled pattern")
TypeError: first argument must be string or compiled pattern
INFO:werkzeug:192.168.43.7 - - [11/Dec/2022 17:56:14] "[35m[1mGET /user_pass_control?username=1&password=1 HTTP/1.1[0m" 500 -
